2020-07-23 10:49:17 Debug: Notice (8): Undefined variable: menu_categorias in [D:\xampp\htdocs\skechers\ecomm\views\layouts\default.ctp, line 39]
2020-07-23 10:49:17 Debug: Notice (8): Undefined variable: menu_categorias in [D:\xampp\htdocs\skechers\ecomm\views\layouts\default.ctp, line 39]
2020-07-23 10:49:40 Debug: Notice (8): Undefined variable: menu_categorias in [D:\xampp\htdocs\skechers\ecomm\views\layouts\default.ctp, line 39]
2020-07-23 10:49:40 Debug: Notice (8): Undefined variable: menu_categorias in [D:\xampp\htdocs\skechers\ecomm\views\layouts\default.ctp, line 39]
2020-07-24 15:36:13 Debug: Notice (8): Undefined variable: archivo in [D:\xampp\htdocs\skechers\ecomm\controllers\productos_controller.php, line 22]
2020-07-24 15:42:13 Debug: Notice (8): Undefined property: MultivendeComponent::$extraRequestDafiti in [D:\xampp\htdocs\skechers\ecomm\controllers\components\multivende.php, line 943]
2020-07-24 15:54:59 Debug: Notice (8): Undefined variable: curl in [D:\xampp\htdocs\skechers\ecomm\controllers\components\multivende.php, line 948]
2020-07-24 15:54:59 Debug: Notice (8): Undefined variable: curl in [D:\xampp\htdocs\skechers\ecomm\controllers\components\multivende.php, line 963]
2020-07-24 15:58:23 Debug: Notice (8): Undefined variable: archivo in [D:\xampp\htdocs\skechers\ecomm\controllers\productos_controller.php, line 22]
2020-07-24 17:55:05 Debug: Notice (8): Undefined variable: archivo in [D:\xampp\htdocs\skechers\ecomm\controllers\productos_controller.php, line 24]
2020-07-24 18:05:35 Debug: Notice (8): Undefined variable: archivo in [D:\xampp\htdocs\skechers\ecomm\controllers\productos_controller.php, line 24]
2020-07-24 18:06:16 Debug: Notice (8): Undefined variable: archivo in [D:\xampp\htdocs\skechers\ecomm\controllers\productos_controller.php, line 24]
2020-07-24 19:25:27 Debug: Notice (8): Undefined variable: archivo in [D:\xampp\htdocs\skechers\ecomm\controllers\productos_controller.php, line 24]
2020-07-24 20:51:53 Debug: Notice (8): Undefined variable: archivo in [D:\xampp\htdocs\skechers\ecomm\controllers\productos_controller.php, line 24]
2020-07-24 20:52:34 Debug: Notice (8): Undefined variable: archivo in [D:\xampp\htdocs\skechers\ecomm\controllers\productos_controller.php, line 24]
2020-07-24 20:56:14 Debug: Notice (8): Undefined index: SuccessResponse in [D:\xampp\htdocs\skechers\ecomm\controllers\components\multivende.php, line 1057]
2020-07-24 20:56:14 Debug: Notice (8): Undefined variable: archivo in [D:\xampp\htdocs\skechers\ecomm\controllers\productos_controller.php, line 24]
2020-07-24 20:58:26 Debug: Notice (8): Undefined index: SuccessResponse in [D:\xampp\htdocs\skechers\ecomm\controllers\components\multivende.php, line 1057]
2020-07-24 20:58:26 Debug: Notice (8): Undefined variable: archivo in [D:\xampp\htdocs\skechers\ecomm\controllers\productos_controller.php, line 24]
2020-07-24 20:58:38 Debug: Notice (8): Undefined index: SuccessResponse in [D:\xampp\htdocs\skechers\ecomm\controllers\components\multivende.php, line 1057]
2020-07-24 20:58:38 Debug: Notice (8): Undefined variable: archivo in [D:\xampp\htdocs\skechers\ecomm\controllers\productos_controller.php, line 24]
2020-07-24 20:58:46 Debug: Notice (8): Undefined index: SuccessResponse in [D:\xampp\htdocs\skechers\ecomm\controllers\components\multivende.php, line 1057]
2020-07-24 20:58:46 Debug: Notice (8): Undefined variable: archivo in [D:\xampp\htdocs\skechers\ecomm\controllers\productos_controller.php, line 24]
2020-07-24 20:59:02 Debug: Notice (8): Undefined index: SuccessResponse in [D:\xampp\htdocs\skechers\ecomm\controllers\components\multivende.php, line 1057]
2020-07-24 20:59:02 Debug: Notice (8): Undefined variable: archivo in [D:\xampp\htdocs\skechers\ecomm\controllers\productos_controller.php, line 24]
2020-07-24 21:01:49 Debug: Notice (8): Undefined index: SuccessResponse in [D:\xampp\htdocs\skechers\ecomm\controllers\components\multivende.php, line 1057]
2020-07-24 21:01:49 Debug: Notice (8): Undefined variable: archivo in [D:\xampp\htdocs\skechers\ecomm\controllers\productos_controller.php, line 24]
2020-07-24 21:04:11 Debug: Notice (8): Undefined index: SuccessResponse in [D:\xampp\htdocs\skechers\ecomm\controllers\components\multivende.php, line 1057]
2020-07-24 21:04:11 Debug: Notice (8): Undefined variable: archivo in [D:\xampp\htdocs\skechers\ecomm\controllers\productos_controller.php, line 24]
2020-07-24 21:05:15 Debug: Notice (8): Undefined variable: archivo in [D:\xampp\htdocs\skechers\ecomm\controllers\productos_controller.php, line 24]
2020-07-24 22:54:04 Debug: Notice (8): Undefined index: SuccessResponse in [D:\xampp\htdocs\skechers\ecomm\controllers\components\multivende.php, line 1057]
2020-07-24 22:54:04 Debug: Notice (8): Undefined variable: archivo in [D:\xampp\htdocs\skechers\ecomm\controllers\productos_controller.php, line 24]
2020-07-27 00:07:54 Debug: Notice (8): Undefined index: 604718846-c7a3ce16-b219-4f46-99a8-0c28351ced4b in [D:\xampp\htdocs\skechers\ecomm\controllers\productos_controller.php, line 53]
2020-07-27 00:16:48 Debug: Notice (8): Undefined index: mercadopago in [D:\xampp\htdocs\skechers\ecomm\controllers\productos_controller.php, line 61]
2020-07-27 00:16:56 Debug: Notice (8): Undefined index: mercado_pago in [D:\xampp\htdocs\skechers\ecomm\controllers\productos_controller.php, line 61]
2020-07-27 00:16:57 Debug: Notice (8): Undefined index: mercado_pago in [D:\xampp\htdocs\skechers\ecomm\controllers\productos_controller.php, line 61]
2020-07-27 00:35:39 Debug: Notice (8): Undefined offset: 0 in [D:\xampp\htdocs\skechers\ecomm\controllers\productos_controller.php, line 101]
2020-07-27 12:08:10 Debug: Notice (8): Undefined index: SuccessResponse in [D:\xampp\htdocs\skechers\ecomm\controllers\components\multivende.php, line 1100]
2020-07-27 12:08:10 Debug: Notice (8): Undefined variable: archivo in [D:\xampp\htdocs\skechers\ecomm\controllers\productos_controller.php, line 29]
2020-07-27 13:34:44 Debug: Notice (8): Undefined variable: archivo in [D:\xampp\htdocs\skechers\ecomm\controllers\productos_controller.php, line 29]
2020-07-27 14:02:40 Debug: Notice (8): Undefined variable: archivo in [D:\xampp\htdocs\skechers\ecomm\controllers\productos_controller.php, line 29]
2020-07-27 18:51:58 Debug: Notice (8): Undefined variable: archivo in [D:\xampp\htdocs\skechers\ecomm\controllers\productos_controller.php, line 29]
2020-07-27 22:19:18 Debug: Notice (8): Undefined variable: compra in [D:\xampp\htdocs\skechers\ecomm\controllers\components\multivende.php, line 1015]
2020-07-27 22:19:19 Debug: Notice (8): Undefined index: SuccessResponse in [D:\xampp\htdocs\skechers\ecomm\controllers\components\multivende.php, line 1101]
2020-07-27 22:19:19 Debug: Notice (8): Undefined index: SuccessResponse in [D:\xampp\htdocs\skechers\ecomm\controllers\components\multivende.php, line 1102]
2020-07-27 22:19:19 Debug: Notice (8): Array to string conversion in [D:\xampp\htdocs\skechers\ecomm\controllers\components\multivende.php, line 1021]
2020-07-27 22:21:15 Debug: Notice (8): Array to string conversion in [D:\xampp\htdocs\skechers\ecomm\controllers\components\multivende.php, line 1021]
2020-07-27 22:48:12 Debug: Notice (8): Undefined variable: archivo in [D:\xampp\htdocs\skechers\ecomm\controllers\productos_controller.php, line 29]
2020-07-27 23:00:42 Debug: Notice (8): Undefined variable: archivo in [D:\xampp\htdocs\skechers\ecomm\controllers\productos_controller.php, line 29]
2020-07-27 23:01:53 Debug: Notice (8): Undefined variable: archivo in [D:\xampp\htdocs\skechers\ecomm\controllers\productos_controller.php, line 29]
2020-07-27 23:03:19 Debug: Notice (8): Undefined variable: archivo in [D:\xampp\htdocs\skechers\ecomm\controllers\productos_controller.php, line 29]
2020-07-27 23:04:12 Debug: Notice (8): Undefined variable: archivo in [D:\xampp\htdocs\skechers\ecomm\controllers\productos_controller.php, line 29]
2020-07-27 23:05:55 Debug: Notice (8): Undefined variable: archivo in [D:\xampp\htdocs\skechers\ecomm\controllers\productos_controller.php, line 29]
2020-07-27 23:07:31 Debug: Notice (8): Undefined variable: archivo in [D:\xampp\htdocs\skechers\ecomm\controllers\productos_controller.php, line 29]
2020-07-27 23:08:45 Debug: Notice (8): Undefined variable: archivo in [D:\xampp\htdocs\skechers\ecomm\controllers\productos_controller.php, line 29]
2020-07-27 23:10:40 Debug: Notice (8): Undefined variable: archivo in [D:\xampp\htdocs\skechers\ecomm\controllers\productos_controller.php, line 29]
2020-07-27 23:11:29 Debug: Notice (8): Undefined index: SuccessResponse in [D:\xampp\htdocs\skechers\ecomm\controllers\components\multivende.php, line 1179]
2020-07-27 23:12:08 Debug: Notice (8): Undefined index: PackageId in [D:\xampp\htdocs\skechers\ecomm\controllers\components\multivende.php, line 1141]
2020-07-27 23:12:08 Debug: Notice (8): Undefined index: OrderItemId in [D:\xampp\htdocs\skechers\ecomm\controllers\components\multivende.php, line 1142]
2020-07-27 23:28:33 Debug: Notice (8): Undefined index: SuccessResponse in [D:\xampp\htdocs\skechers\ecomm\controllers\components\multivende.php, line 1179]
2020-07-27 23:28:35 Debug: Notice (8): Undefined index: PackageId in [D:\xampp\htdocs\skechers\ecomm\controllers\components\multivende.php, line 1141]
2020-07-27 23:28:35 Debug: Notice (8): Undefined index: OrderItemId in [D:\xampp\htdocs\skechers\ecomm\controllers\components\multivende.php, line 1142]
2020-07-28 11:29:20 Debug: Notice (8): Undefined variable: menu_categorias in [D:\xampp\htdocs\skechers\ecomm\views\layouts\default.ctp, line 39]
2020-07-28 11:29:20 Debug: Notice (8): Undefined variable: menu_categorias in [D:\xampp\htdocs\skechers\ecomm\views\layouts\default.ctp, line 39]
2020-07-28 11:29:34 Debug: Notice (8): Undefined variable: menu_categorias in [D:\xampp\htdocs\skechers\ecomm\views\layouts\default.ctp, line 39]
2020-07-28 11:29:34 Debug: Notice (8): Undefined variable: menu_categorias in [D:\xampp\htdocs\skechers\ecomm\views\layouts\default.ctp, line 39]
2020-07-28 11:29:37 Debug: Notice (8): Undefined variable: menu_categorias in [D:\xampp\htdocs\skechers\ecomm\views\layouts\default.ctp, line 39]
2020-07-28 11:29:37 Debug: Notice (8): Undefined variable: menu_categorias in [D:\xampp\htdocs\skechers\ecomm\views\layouts\default.ctp, line 39]
2020-07-28 11:36:01 Debug: Notice (8): Undefined variable: menu_categorias in [D:\xampp\htdocs\skechers\ecomm\views\layouts\default.ctp, line 39]
2020-07-28 11:36:01 Debug: Notice (8): Undefined variable: menu_categorias in [D:\xampp\htdocs\skechers\ecomm\views\layouts\default.ctp, line 39]
2020-07-28 11:36:08 Debug: Notice (8): Undefined variable: menu_categorias in [D:\xampp\htdocs\skechers\ecomm\views\layouts\default.ctp, line 39]
2020-07-28 11:36:08 Debug: Notice (8): Undefined variable: menu_categorias in [D:\xampp\htdocs\skechers\ecomm\views\layouts\default.ctp, line 39]
2020-07-28 11:36:18 Debug: Notice (8): Undefined variable: menu_categorias in [D:\xampp\htdocs\skechers\ecomm\views\layouts\default.ctp, line 39]
2020-07-28 11:36:18 Debug: Notice (8): Undefined variable: menu_categorias in [D:\xampp\htdocs\skechers\ecomm\views\layouts\default.ctp, line 39]
2020-07-28 11:36:21 Debug: Notice (8): Undefined variable: menu_categorias in [D:\xampp\htdocs\skechers\ecomm\views\layouts\default.ctp, line 39]
2020-07-28 11:36:24 Debug: Notice (8): Undefined variable: menu_categorias in [D:\xampp\htdocs\skechers\ecomm\views\layouts\default.ctp, line 39]
2020-07-28 11:36:24 Debug: Notice (8): Undefined variable: menu_categorias in [D:\xampp\htdocs\skechers\ecomm\views\layouts\default.ctp, line 39]
2020-07-28 11:36:32 Debug: Notice (8): Undefined variable: menu_categorias in [D:\xampp\htdocs\skechers\ecomm\views\layouts\default.ctp, line 39]
2020-07-28 11:36:32 Debug: Notice (8): Undefined variable: menu_categorias in [D:\xampp\htdocs\skechers\ecomm\views\layouts\default.ctp, line 39]
2020-07-28 11:36:37 Debug: Notice (8): Undefined variable: menu_categorias in [D:\xampp\htdocs\skechers\ecomm\views\layouts\default.ctp, line 39]
2020-07-28 11:36:37 Debug: Notice (8): Undefined variable: menu_categorias in [D:\xampp\htdocs\skechers\ecomm\views\layouts\default.ctp, line 39]
2020-07-28 11:37:24 Debug: Notice (8): Undefined variable: menu_categorias in [D:\xampp\htdocs\skechers\ecomm\views\layouts\default.ctp, line 39]
2020-07-28 11:37:26 Debug: Notice (8): Undefined variable: menu_categorias in [D:\xampp\htdocs\skechers\ecomm\views\layouts\default.ctp, line 39]
2020-07-28 11:37:26 Debug: Notice (8): Undefined variable: menu_categorias in [D:\xampp\htdocs\skechers\ecomm\views\layouts\default.ctp, line 39]
2020-07-28 11:37:36 Debug: Notice (8): Undefined variable: menu_categorias in [D:\xampp\htdocs\skechers\ecomm\views\layouts\default.ctp, line 39]
2020-07-28 11:37:37 Debug: Notice (8): Undefined variable: menu_categorias in [D:\xampp\htdocs\skechers\ecomm\views\layouts\default.ctp, line 39]
2020-07-28 11:37:58 Debug: Notice (8): Undefined variable: menu_categorias in [D:\xampp\htdocs\skechers\ecomm\views\layouts\default.ctp, line 39]
2020-07-28 11:37:58 Debug: Notice (8): Undefined variable: menu_categorias in [D:\xampp\htdocs\skechers\ecomm\views\layouts\default.ctp, line 39]
2020-07-28 11:39:54 Debug: Notice (8): Undefined variable: menu_categorias in [D:\xampp\htdocs\skechers\ecomm\views\layouts\default.ctp, line 39]
2020-07-28 11:39:54 Debug: Notice (8): Undefined variable: menu_categorias in [D:\xampp\htdocs\skechers\ecomm\views\layouts\default.ctp, line 39]
2020-07-28 11:40:53 Debug: Notice (8): Undefined variable: menu_categorias in [D:\xampp\htdocs\skechers\ecomm\views\layouts\default.ctp, line 39]
2020-07-28 11:40:53 Debug: Notice (8): Undefined variable: menu_categorias in [D:\xampp\htdocs\skechers\ecomm\views\layouts\default.ctp, line 39]
2020-07-28 11:41:09 Debug: Notice (8): Undefined variable: menu_categorias in [D:\xampp\htdocs\skechers\ecomm\views\layouts\default.ctp, line 39]
2020-07-28 11:41:09 Debug: Notice (8): Undefined variable: menu_categorias in [D:\xampp\htdocs\skechers\ecomm\views\layouts\default.ctp, line 39]
2020-07-28 11:41:36 Debug: Notice (8): Undefined variable: menu_categorias in [D:\xampp\htdocs\skechers\ecomm\views\layouts\default.ctp, line 39]
2020-07-28 11:41:36 Debug: Notice (8): Undefined variable: menu_categorias in [D:\xampp\htdocs\skechers\ecomm\views\layouts\default.ctp, line 39]
2020-07-28 11:41:36 Debug: Notice (8): Undefined variable: menu_categorias in [D:\xampp\htdocs\skechers\ecomm\views\layouts\default.ctp, line 39]
2020-07-28 11:41:39 Debug: Notice (8): Undefined variable: menu_categorias in [D:\xampp\htdocs\skechers\ecomm\views\layouts\default.ctp, line 39]
2020-07-28 11:41:39 Debug: Notice (8): Undefined variable: menu_categorias in [D:\xampp\htdocs\skechers\ecomm\views\layouts\default.ctp, line 39]
2020-07-29 12:10:31 Debug: Notice (8): Undefined variable: menu_categorias in [D:\xampp\htdocs\skechers\ecomm\views\layouts\default.ctp, line 39]
2020-08-05 23:51:52 Debug: Notice (8): Undefined variable: menu_categorias in [D:\xampp\htdocs\skechers\ecomm\views\layouts\default.ctp, line 39]
2020-08-05 23:51:54 Debug: Notice (8): Undefined variable: menu_categorias in [D:\xampp\htdocs\skechers\ecomm\views\layouts\default.ctp, line 39]
2020-08-05 23:51:54 Debug: Notice (8): Undefined variable: menu_categorias in [D:\xampp\htdocs\skechers\ecomm\views\layouts\default.ctp, line 39]
2020-08-05 23:51:56 Debug: Notice (8): Undefined variable: menu_categorias in [D:\xampp\htdocs\skechers\ecomm\views\layouts\default.ctp, line 39]
2020-08-05 23:51:57 Debug: Notice (8): Undefined variable: menu_categorias in [D:\xampp\htdocs\skechers\ecomm\views\layouts\default.ctp, line 39]
2020-08-05 23:51:57 Debug: Notice (8): Undefined variable: menu_categorias in [D:\xampp\htdocs\skechers\ecomm\views\layouts\default.ctp, line 39]
2020-08-05 23:51:57 Debug: Notice (8): Undefined variable: menu_categorias in [D:\xampp\htdocs\skechers\ecomm\views\layouts\default.ctp, line 39]
2020-08-05 23:51:58 Debug: Notice (8): Undefined variable: menu_categorias in [D:\xampp\htdocs\skechers\ecomm\views\layouts\default.ctp, line 39]
2020-08-05 23:51:58 Debug: Notice (8): Undefined variable: menu_categorias in [D:\xampp\htdocs\skechers\ecomm\views\layouts\default.ctp, line 39]
2020-08-05 23:51:58 Debug: Notice (8): Undefined variable: menu_categorias in [D:\xampp\htdocs\skechers\ecomm\views\layouts\default.ctp, line 39]
2020-08-05 23:51:59 Debug: Notice (8): Undefined variable: menu_categorias in [D:\xampp\htdocs\skechers\ecomm\views\layouts\default.ctp, line 39]
2020-08-05 23:51:59 Debug: Notice (8): Undefined variable: menu_categorias in [D:\xampp\htdocs\skechers\ecomm\views\layouts\default.ctp, line 39]
2020-08-05 23:51:59 Debug: Notice (8): Undefined variable: menu_categorias in [D:\xampp\htdocs\skechers\ecomm\views\layouts\default.ctp, line 39]
2020-08-05 23:52:00 Debug: Notice (8): Undefined variable: menu_categorias in [D:\xampp\htdocs\skechers\ecomm\views\layouts\default.ctp, line 39]
2020-08-05 23:52:00 Debug: Notice (8): Undefined variable: menu_categorias in [D:\xampp\htdocs\skechers\ecomm\views\layouts\default.ctp, line 39]
2020-08-05 23:52:01 Debug: Notice (8): Undefined variable: menu_categorias in [D:\xampp\htdocs\skechers\ecomm\views\layouts\default.ctp, line 39]
2020-08-05 23:52:01 Debug: Notice (8): Undefined variable: menu_categorias in [D:\xampp\htdocs\skechers\ecomm\views\layouts\default.ctp, line 39]
2020-08-05 23:52:01 Debug: Notice (8): Undefined variable: menu_categorias in [D:\xampp\htdocs\skechers\ecomm\views\layouts\default.ctp, line 39]
2020-08-05 23:52:02 Debug: Notice (8): Undefined variable: menu_categorias in [D:\xampp\htdocs\skechers\ecomm\views\layouts\default.ctp, line 39]
2020-08-05 23:52:02 Debug: Notice (8): Undefined variable: menu_categorias in [D:\xampp\htdocs\skechers\ecomm\views\layouts\default.ctp, line 39]
2020-08-05 23:52:02 Debug: Notice (8): Undefined variable: menu_categorias in [D:\xampp\htdocs\skechers\ecomm\views\layouts\default.ctp, line 39]
2020-08-05 23:52:03 Debug: Notice (8): Undefined variable: menu_categorias in [D:\xampp\htdocs\skechers\ecomm\views\layouts\default.ctp, line 39]
2020-08-05 23:52:03 Debug: Notice (8): Undefined variable: menu_categorias in [D:\xampp\htdocs\skechers\ecomm\views\layouts\default.ctp, line 39]
2020-08-05 23:52:04 Debug: Notice (8): Undefined variable: menu_categorias in [D:\xampp\htdocs\skechers\ecomm\views\layouts\default.ctp, line 39]
2020-08-05 23:52:04 Debug: Notice (8): Undefined variable: menu_categorias in [D:\xampp\htdocs\skechers\ecomm\views\layouts\default.ctp, line 39]
2020-08-05 23:52:04 Debug: Notice (8): Undefined variable: menu_categorias in [D:\xampp\htdocs\skechers\ecomm\views\layouts\default.ctp, line 39]
2020-08-05 23:52:05 Debug: Notice (8): Undefined variable: menu_categorias in [D:\xampp\htdocs\skechers\ecomm\views\layouts\default.ctp, line 39]
2020-08-05 23:52:05 Debug: Notice (8): Undefined variable: menu_categorias in [D:\xampp\htdocs\skechers\ecomm\views\layouts\default.ctp, line 39]
2020-08-05 23:52:06 Debug: Notice (8): Undefined variable: menu_categorias in [D:\xampp\htdocs\skechers\ecomm\views\layouts\default.ctp, line 39]
2020-08-05 23:52:06 Debug: Notice (8): Undefined variable: menu_categorias in [D:\xampp\htdocs\skechers\ecomm\views\layouts\default.ctp, line 39]
2020-08-05 23:52:06 Debug: Notice (8): Undefined variable: menu_categorias in [D:\xampp\htdocs\skechers\ecomm\views\layouts\default.ctp, line 39]
2020-08-05 23:52:07 Debug: Notice (8): Undefined variable: menu_categorias in [D:\xampp\htdocs\skechers\ecomm\views\layouts\default.ctp, line 39]
2020-08-05 23:52:07 Debug: Notice (8): Undefined variable: menu_categorias in [D:\xampp\htdocs\skechers\ecomm\views\layouts\default.ctp, line 39]
2020-08-05 23:52:07 Debug: Notice (8): Undefined variable: menu_categorias in [D:\xampp\htdocs\skechers\ecomm\views\layouts\default.ctp, line 39]
2020-08-05 23:52:08 Debug: Notice (8): Undefined variable: menu_categorias in [D:\xampp\htdocs\skechers\ecomm\views\layouts\default.ctp, line 39]
2020-08-05 23:52:08 Debug: Notice (8): Undefined variable: menu_categorias in [D:\xampp\htdocs\skechers\ecomm\views\layouts\default.ctp, line 39]
2020-08-05 23:52:08 Debug: Notice (8): Undefined variable: menu_categorias in [D:\xampp\htdocs\skechers\ecomm\views\layouts\default.ctp, line 39]
2020-08-05 23:52:09 Debug: Notice (8): Undefined variable: menu_categorias in [D:\xampp\htdocs\skechers\ecomm\views\layouts\default.ctp, line 39]
2020-08-05 23:52:09 Debug: Notice (8): Undefined variable: menu_categorias in [D:\xampp\htdocs\skechers\ecomm\views\layouts\default.ctp, line 39]
2020-08-05 23:52:09 Debug: Notice (8): Undefined variable: menu_categorias in [D:\xampp\htdocs\skechers\ecomm\views\layouts\default.ctp, line 39]
2020-08-05 23:52:10 Debug: Notice (8): Undefined variable: menu_categorias in [D:\xampp\htdocs\skechers\ecomm\views\layouts\default.ctp, line 39]
2020-08-05 23:52:10 Debug: Notice (8): Undefined variable: menu_categorias in [D:\xampp\htdocs\skechers\ecomm\views\layouts\default.ctp, line 39]
2020-08-05 23:52:10 Debug: Notice (8): Undefined variable: menu_categorias in [D:\xampp\htdocs\skechers\ecomm\views\layouts\default.ctp, line 39]
2020-08-05 23:52:11 Debug: Notice (8): Undefined variable: menu_categorias in [D:\xampp\htdocs\skechers\ecomm\views\layouts\default.ctp, line 39]
2020-08-05 23:52:11 Debug: Notice (8): Undefined variable: menu_categorias in [D:\xampp\htdocs\skechers\ecomm\views\layouts\default.ctp, line 39]
2020-08-05 23:52:11 Debug: Notice (8): Undefined variable: menu_categorias in [D:\xampp\htdocs\skechers\ecomm\views\layouts\default.ctp, line 39]
2020-08-05 23:52:12 Debug: Notice (8): Undefined variable: menu_categorias in [D:\xampp\htdocs\skechers\ecomm\views\layouts\default.ctp, line 39]
2020-08-05 23:52:12 Debug: Notice (8): Undefined variable: menu_categorias in [D:\xampp\htdocs\skechers\ecomm\views\layouts\default.ctp, line 39]
2020-08-05 23:52:12 Debug: Notice (8): Undefined variable: menu_categorias in [D:\xampp\htdocs\skechers\ecomm\views\layouts\default.ctp, line 39]
2020-08-05 23:52:13 Debug: Notice (8): Undefined variable: menu_categorias in [D:\xampp\htdocs\skechers\ecomm\views\layouts\default.ctp, line 39]
2020-08-05 23:52:13 Debug: Notice (8): Undefined variable: menu_categorias in [D:\xampp\htdocs\skechers\ecomm\views\layouts\default.ctp, line 39]
2020-08-05 23:52:13 Debug: Notice (8): Undefined variable: menu_categorias in [D:\xampp\htdocs\skechers\ecomm\views\layouts\default.ctp, line 39]
2020-08-05 23:52:13 Debug: Notice (8): Undefined variable: menu_categorias in [D:\xampp\htdocs\skechers\ecomm\views\layouts\default.ctp, line 39]
2020-08-05 23:52:14 Debug: Notice (8): Undefined variable: menu_categorias in [D:\xampp\htdocs\skechers\ecomm\views\layouts\default.ctp, line 39]
2020-08-05 23:52:14 Debug: Notice (8): Undefined variable: menu_categorias in [D:\xampp\htdocs\skechers\ecomm\views\layouts\default.ctp, line 39]
2020-08-05 23:52:15 Debug: Notice (8): Undefined variable: menu_categorias in [D:\xampp\htdocs\skechers\ecomm\views\layouts\default.ctp, line 39]
2020-08-05 23:52:15 Debug: Notice (8): Undefined variable: menu_categorias in [D:\xampp\htdocs\skechers\ecomm\views\layouts\default.ctp, line 39]
2020-08-05 23:52:15 Debug: Notice (8): Undefined variable: menu_categorias in [D:\xampp\htdocs\skechers\ecomm\views\layouts\default.ctp, line 39]
2020-08-05 23:52:16 Debug: Notice (8): Undefined variable: menu_categorias in [D:\xampp\htdocs\skechers\ecomm\views\layouts\default.ctp, line 39]
2020-08-05 23:52:16 Debug: Notice (8): Undefined variable: menu_categorias in [D:\xampp\htdocs\skechers\ecomm\views\layouts\default.ctp, line 39]
2020-08-05 23:52:16 Debug: Notice (8): Undefined variable: menu_categorias in [D:\xampp\htdocs\skechers\ecomm\views\layouts\default.ctp, line 39]
2020-08-05 23:52:17 Debug: Notice (8): Undefined variable: menu_categorias in [D:\xampp\htdocs\skechers\ecomm\views\layouts\default.ctp, line 39]
2020-08-05 23:52:17 Debug: Notice (8): Undefined variable: menu_categorias in [D:\xampp\htdocs\skechers\ecomm\views\layouts\default.ctp, line 39]
2020-08-05 23:52:17 Debug: Notice (8): Undefined variable: menu_categorias in [D:\xampp\htdocs\skechers\ecomm\views\layouts\default.ctp, line 39]
2020-08-05 23:52:18 Debug: Notice (8): Undefined variable: menu_categorias in [D:\xampp\htdocs\skechers\ecomm\views\layouts\default.ctp, line 39]
2020-08-05 23:52:18 Debug: Notice (8): Undefined variable: menu_categorias in [D:\xampp\htdocs\skechers\ecomm\views\layouts\default.ctp, line 39]
2020-08-05 23:52:18 Debug: Notice (8): Undefined variable: menu_categorias in [D:\xampp\htdocs\skechers\ecomm\views\layouts\default.ctp, line 39]
2020-08-05 23:52:19 Debug: Notice (8): Undefined variable: menu_categorias in [D:\xampp\htdocs\skechers\ecomm\views\layouts\default.ctp, line 39]
2020-08-05 23:52:19 Debug: Notice (8): Undefined variable: menu_categorias in [D:\xampp\htdocs\skechers\ecomm\views\layouts\default.ctp, line 39]
2020-08-05 23:52:19 Debug: Notice (8): Undefined variable: menu_categorias in [D:\xampp\htdocs\skechers\ecomm\views\layouts\default.ctp, line 39]
2020-08-05 23:52:20 Debug: Notice (8): Undefined variable: menu_categorias in [D:\xampp\htdocs\skechers\ecomm\views\layouts\default.ctp, line 39]
2020-08-05 23:52:20 Debug: Notice (8): Undefined variable: menu_categorias in [D:\xampp\htdocs\skechers\ecomm\views\layouts\default.ctp, line 39]
2020-08-05 23:52:21 Debug: Notice (8): Undefined variable: menu_categorias in [D:\xampp\htdocs\skechers\ecomm\views\layouts\default.ctp, line 39]
2020-08-05 23:52:21 Debug: Notice (8): Undefined variable: menu_categorias in [D:\xampp\htdocs\skechers\ecomm\views\layouts\default.ctp, line 39]
2020-08-05 23:52:21 Debug: Notice (8): Undefined variable: menu_categorias in [D:\xampp\htdocs\skechers\ecomm\views\layouts\default.ctp, line 39]
2020-08-05 23:52:22 Debug: Notice (8): Undefined variable: menu_categorias in [D:\xampp\htdocs\skechers\ecomm\views\layouts\default.ctp, line 39]
2020-08-05 23:52:22 Debug: Notice (8): Undefined variable: menu_categorias in [D:\xampp\htdocs\skechers\ecomm\views\layouts\default.ctp, line 39]
2020-08-05 23:52:22 Debug: Notice (8): Undefined variable: menu_categorias in [D:\xampp\htdocs\skechers\ecomm\views\layouts\default.ctp, line 39]
2020-08-05 23:52:23 Debug: Notice (8): Undefined variable: menu_categorias in [D:\xampp\htdocs\skechers\ecomm\views\layouts\default.ctp, line 39]
2020-08-05 23:52:23 Debug: Notice (8): Undefined variable: menu_categorias in [D:\xampp\htdocs\skechers\ecomm\views\layouts\default.ctp, line 39]
2020-08-05 23:52:23 Debug: Notice (8): Undefined variable: menu_categorias in [D:\xampp\htdocs\skechers\ecomm\views\layouts\default.ctp, line 39]
2020-08-05 23:52:23 Debug: Notice (8): Undefined variable: menu_categorias in [D:\xampp\htdocs\skechers\ecomm\views\layouts\default.ctp, line 39]
2020-08-05 23:52:24 Debug: Notice (8): Undefined variable: menu_categorias in [D:\xampp\htdocs\skechers\ecomm\views\layouts\default.ctp, line 39]
2020-08-05 23:52:24 Debug: Notice (8): Undefined variable: menu_categorias in [D:\xampp\htdocs\skechers\ecomm\views\layouts\default.ctp, line 39]
2020-08-05 23:52:25 Debug: Notice (8): Undefined variable: menu_categorias in [D:\xampp\htdocs\skechers\ecomm\views\layouts\default.ctp, line 39]
2020-08-05 23:52:25 Debug: Notice (8): Undefined variable: menu_categorias in [D:\xampp\htdocs\skechers\ecomm\views\layouts\default.ctp, line 39]
2020-08-05 23:52:25 Debug: Notice (8): Undefined variable: menu_categorias in [D:\xampp\htdocs\skechers\ecomm\views\layouts\default.ctp, line 39]
2020-08-05 23:52:26 Debug: Notice (8): Undefined variable: menu_categorias in [D:\xampp\htdocs\skechers\ecomm\views\layouts\default.ctp, line 39]
2020-08-05 23:52:26 Debug: Notice (8): Undefined variable: menu_categorias in [D:\xampp\htdocs\skechers\ecomm\views\layouts\default.ctp, line 39]
2020-08-05 23:52:26 Debug: Notice (8): Undefined variable: menu_categorias in [D:\xampp\htdocs\skechers\ecomm\views\layouts\default.ctp, line 39]
2020-08-05 23:52:27 Debug: Notice (8): Undefined variable: menu_categorias in [D:\xampp\htdocs\skechers\ecomm\views\layouts\default.ctp, line 39]
2020-08-05 23:52:27 Debug: Notice (8): Undefined variable: menu_categorias in [D:\xampp\htdocs\skechers\ecomm\views\layouts\default.ctp, line 39]
2020-08-05 23:52:28 Debug: Notice (8): Undefined variable: menu_categorias in [D:\xampp\htdocs\skechers\ecomm\views\layouts\default.ctp, line 39]
2020-08-05 23:52:28 Debug: Notice (8): Undefined variable: menu_categorias in [D:\xampp\htdocs\skechers\ecomm\views\layouts\default.ctp, line 39]
2020-08-05 23:52:28 Debug: Notice (8): Undefined variable: menu_categorias in [D:\xampp\htdocs\skechers\ecomm\views\layouts\default.ctp, line 39]
2020-08-05 23:52:29 Debug: Notice (8): Undefined variable: menu_categorias in [D:\xampp\htdocs\skechers\ecomm\views\layouts\default.ctp, line 39]
2020-08-05 23:52:29 Debug: Notice (8): Undefined variable: menu_categorias in [D:\xampp\htdocs\skechers\ecomm\views\layouts\default.ctp, line 39]
2020-08-05 23:52:29 Debug: Notice (8): Undefined variable: menu_categorias in [D:\xampp\htdocs\skechers\ecomm\views\layouts\default.ctp, line 39]
2020-08-05 23:52:30 Debug: Notice (8): Undefined variable: menu_categorias in [D:\xampp\htdocs\skechers\ecomm\views\layouts\default.ctp, line 39]
2020-08-05 23:52:30 Debug: Notice (8): Undefined variable: menu_categorias in [D:\xampp\htdocs\skechers\ecomm\views\layouts\default.ctp, line 39]
2020-08-05 23:52:30 Debug: Notice (8): Undefined variable: menu_categorias in [D:\xampp\htdocs\skechers\ecomm\views\layouts\default.ctp, line 39]
2020-08-05 23:52:31 Debug: Notice (8): Undefined variable: menu_categorias in [D:\xampp\htdocs\skechers\ecomm\views\layouts\default.ctp, line 39]
2020-08-05 23:52:31 Debug: Notice (8): Undefined variable: menu_categorias in [D:\xampp\htdocs\skechers\ecomm\views\layouts\default.ctp, line 39]
2020-08-05 23:52:31 Debug: Notice (8): Undefined variable: menu_categorias in [D:\xampp\htdocs\skechers\ecomm\views\layouts\default.ctp, line 39]
2020-08-05 23:52:32 Debug: Notice (8): Undefined variable: menu_categorias in [D:\xampp\htdocs\skechers\ecomm\views\layouts\default.ctp, line 39]
2020-08-05 23:52:32 Debug: Notice (8): Undefined variable: menu_categorias in [D:\xampp\htdocs\skechers\ecomm\views\layouts\default.ctp, line 39]
2020-08-05 23:52:33 Debug: Notice (8): Undefined variable: menu_categorias in [D:\xampp\htdocs\skechers\ecomm\views\layouts\default.ctp, line 39]
2020-08-05 23:52:33 Debug: Notice (8): Undefined variable: menu_categorias in [D:\xampp\htdocs\skechers\ecomm\views\layouts\default.ctp, line 39]
2020-08-05 23:52:33 Debug: Notice (8): Undefined variable: menu_categorias in [D:\xampp\htdocs\skechers\ecomm\views\layouts\default.ctp, line 39]
2020-08-05 23:52:34 Debug: Notice (8): Undefined variable: menu_categorias in [D:\xampp\htdocs\skechers\ecomm\views\layouts\default.ctp, line 39]
2020-08-05 23:52:34 Debug: Notice (8): Undefined variable: menu_categorias in [D:\xampp\htdocs\skechers\ecomm\views\layouts\default.ctp, line 39]
2020-08-05 23:52:35 Debug: Notice (8): Undefined variable: menu_categorias in [D:\xampp\htdocs\skechers\ecomm\views\layouts\default.ctp, line 39]
2020-08-05 23:52:35 Debug: Notice (8): Undefined variable: menu_categorias in [D:\xampp\htdocs\skechers\ecomm\views\layouts\default.ctp, line 39]
2020-08-05 23:52:35 Debug: Notice (8): Undefined variable: menu_categorias in [D:\xampp\htdocs\skechers\ecomm\views\layouts\default.ctp, line 39]
2020-08-05 23:52:36 Debug: Notice (8): Undefined variable: menu_categorias in [D:\xampp\htdocs\skechers\ecomm\views\layouts\default.ctp, line 39]
2020-08-05 23:52:36 Debug: Notice (8): Undefined variable: menu_categorias in [D:\xampp\htdocs\skechers\ecomm\views\layouts\default.ctp, line 39]
2020-08-05 23:52:36 Debug: Notice (8): Undefined variable: menu_categorias in [D:\xampp\htdocs\skechers\ecomm\views\layouts\default.ctp, line 39]
2020-08-05 23:52:37 Debug: Notice (8): Undefined variable: menu_categorias in [D:\xampp\htdocs\skechers\ecomm\views\layouts\default.ctp, line 39]
2020-08-05 23:52:37 Debug: Notice (8): Undefined variable: menu_categorias in [D:\xampp\htdocs\skechers\ecomm\views\layouts\default.ctp, line 39]
2020-08-05 23:52:37 Debug: Notice (8): Undefined variable: menu_categorias in [D:\xampp\htdocs\skechers\ecomm\views\layouts\default.ctp, line 39]
2020-08-05 23:52:38 Debug: Notice (8): Undefined variable: menu_categorias in [D:\xampp\htdocs\skechers\ecomm\views\layouts\default.ctp, line 39]
2020-08-05 23:52:38 Debug: Notice (8): Undefined variable: menu_categorias in [D:\xampp\htdocs\skechers\ecomm\views\layouts\default.ctp, line 39]
2020-08-05 23:52:39 Debug: Notice (8): Undefined variable: menu_categorias in [D:\xampp\htdocs\skechers\ecomm\views\layouts\default.ctp, line 39]
2020-08-05 23:52:39 Debug: Notice (8): Undefined variable: menu_categorias in [D:\xampp\htdocs\skechers\ecomm\views\layouts\default.ctp, line 39]
2020-08-05 23:52:39 Debug: Notice (8): Undefined variable: menu_categorias in [D:\xampp\htdocs\skechers\ecomm\views\layouts\default.ctp, line 39]
2020-08-05 23:52:40 Debug: Notice (8): Undefined variable: menu_categorias in [D:\xampp\htdocs\skechers\ecomm\views\layouts\default.ctp, line 39]
2020-08-05 23:52:40 Debug: Notice (8): Undefined variable: menu_categorias in [D:\xampp\htdocs\skechers\ecomm\views\layouts\default.ctp, line 39]
2020-08-05 23:52:40 Debug: Notice (8): Undefined variable: menu_categorias in [D:\xampp\htdocs\skechers\ecomm\views\layouts\default.ctp, line 39]
2020-08-05 23:52:41 Debug: Notice (8): Undefined variable: menu_categorias in [D:\xampp\htdocs\skechers\ecomm\views\layouts\default.ctp, line 39]
2020-08-05 23:52:41 Debug: Notice (8): Undefined variable: menu_categorias in [D:\xampp\htdocs\skechers\ecomm\views\layouts\default.ctp, line 39]
2020-08-05 23:52:41 Debug: Notice (8): Undefined variable: menu_categorias in [D:\xampp\htdocs\skechers\ecomm\views\layouts\default.ctp, line 39]
2020-08-05 23:52:42 Debug: Notice (8): Undefined variable: menu_categorias in [D:\xampp\htdocs\skechers\ecomm\views\layouts\default.ctp, line 39]
2020-08-05 23:52:42 Debug: Notice (8): Undefined variable: menu_categorias in [D:\xampp\htdocs\skechers\ecomm\views\layouts\default.ctp, line 39]
2020-08-05 23:52:42 Debug: Notice (8): Undefined variable: menu_categorias in [D:\xampp\htdocs\skechers\ecomm\views\layouts\default.ctp, line 39]
2020-08-05 23:52:42 Debug: Notice (8): Undefined variable: menu_categorias in [D:\xampp\htdocs\skechers\ecomm\views\layouts\default.ctp, line 39]
2020-08-05 23:52:43 Debug: Notice (8): Undefined variable: menu_categorias in [D:\xampp\htdocs\skechers\ecomm\views\layouts\default.ctp, line 39]
2020-08-05 23:52:43 Debug: Notice (8): Undefined variable: menu_categorias in [D:\xampp\htdocs\skechers\ecomm\views\layouts\default.ctp, line 39]
2020-08-05 23:52:43 Debug: Notice (8): Undefined variable: menu_categorias in [D:\xampp\htdocs\skechers\ecomm\views\layouts\default.ctp, line 39]
2020-08-05 23:52:44 Debug: Notice (8): Undefined variable: menu_categorias in [D:\xampp\htdocs\skechers\ecomm\views\layouts\default.ctp, line 39]
2020-08-05 23:52:44 Debug: Notice (8): Undefined variable: menu_categorias in [D:\xampp\htdocs\skechers\ecomm\views\layouts\default.ctp, line 39]
2020-08-05 23:52:44 Debug: Notice (8): Undefined variable: menu_categorias in [D:\xampp\htdocs\skechers\ecomm\views\layouts\default.ctp, line 39]
2020-08-05 23:52:45 Debug: Notice (8): Undefined variable: menu_categorias in [D:\xampp\htdocs\skechers\ecomm\views\layouts\default.ctp, line 39]
2020-08-05 23:52:45 Debug: Notice (8): Undefined variable: menu_categorias in [D:\xampp\htdocs\skechers\ecomm\views\layouts\default.ctp, line 39]
2020-08-05 23:52:45 Debug: Notice (8): Undefined variable: menu_categorias in [D:\xampp\htdocs\skechers\ecomm\views\layouts\default.ctp, line 39]
2020-08-05 23:52:46 Debug: Notice (8): Undefined variable: menu_categorias in [D:\xampp\htdocs\skechers\ecomm\views\layouts\default.ctp, line 39]
2020-08-05 23:52:46 Debug: Notice (8): Undefined variable: menu_categorias in [D:\xampp\htdocs\skechers\ecomm\views\layouts\default.ctp, line 39]
2020-08-05 23:52:46 Debug: Notice (8): Undefined variable: menu_categorias in [D:\xampp\htdocs\skechers\ecomm\views\layouts\default.ctp, line 39]
2020-08-05 23:52:47 Debug: Notice (8): Undefined variable: menu_categorias in [D:\xampp\htdocs\skechers\ecomm\views\layouts\default.ctp, line 39]
2020-08-05 23:52:47 Debug: Notice (8): Undefined variable: menu_categorias in [D:\xampp\htdocs\skechers\ecomm\views\layouts\default.ctp, line 39]
2020-08-05 23:52:47 Debug: Notice (8): Undefined variable: menu_categorias in [D:\xampp\htdocs\skechers\ecomm\views\layouts\default.ctp, line 39]
2020-08-05 23:52:48 Debug: Notice (8): Undefined variable: menu_categorias in [D:\xampp\htdocs\skechers\ecomm\views\layouts\default.ctp, line 39]
2020-08-05 23:52:48 Debug: Notice (8): Undefined variable: menu_categorias in [D:\xampp\htdocs\skechers\ecomm\views\layouts\default.ctp, line 39]
2020-08-05 23:52:48 Debug: Notice (8): Undefined variable: menu_categorias in [D:\xampp\htdocs\skechers\ecomm\views\layouts\default.ctp, line 39]
2020-08-05 23:52:49 Debug: Notice (8): Undefined variable: menu_categorias in [D:\xampp\htdocs\skechers\ecomm\views\layouts\default.ctp, line 39]
2020-08-05 23:52:49 Debug: Notice (8): Undefined variable: menu_categorias in [D:\xampp\htdocs\skechers\ecomm\views\layouts\default.ctp, line 39]
2020-08-05 23:52:50 Debug: Notice (8): Undefined variable: menu_categorias in [D:\xampp\htdocs\skechers\ecomm\views\layouts\default.ctp, line 39]
2020-08-05 23:52:50 Debug: Notice (8): Undefined variable: menu_categorias in [D:\xampp\htdocs\skechers\ecomm\views\layouts\default.ctp, line 39]
2020-08-05 23:52:50 Debug: Notice (8): Undefined variable: menu_categorias in [D:\xampp\htdocs\skechers\ecomm\views\layouts\default.ctp, line 39]
2020-08-05 23:52:51 Debug: Notice (8): Undefined variable: menu_categorias in [D:\xampp\htdocs\skechers\ecomm\views\layouts\default.ctp, line 39]
2020-08-05 23:52:51 Debug: Notice (8): Undefined variable: menu_categorias in [D:\xampp\htdocs\skechers\ecomm\views\layouts\default.ctp, line 39]
2020-08-05 23:52:51 Debug: Notice (8): Undefined variable: menu_categorias in [D:\xampp\htdocs\skechers\ecomm\views\layouts\default.ctp, line 39]
2020-08-05 23:52:52 Debug: Notice (8): Undefined variable: menu_categorias in [D:\xampp\htdocs\skechers\ecomm\views\layouts\default.ctp, line 39]
2020-08-05 23:52:52 Debug: Notice (8): Undefined variable: menu_categorias in [D:\xampp\htdocs\skechers\ecomm\views\layouts\default.ctp, line 39]
2020-08-05 23:52:52 Debug: Notice (8): Undefined variable: menu_categorias in [D:\xampp\htdocs\skechers\ecomm\views\layouts\default.ctp, line 39]
2020-08-05 23:52:53 Debug: Notice (8): Undefined variable: menu_categorias in [D:\xampp\htdocs\skechers\ecomm\views\layouts\default.ctp, line 39]
2020-08-05 23:52:53 Debug: Notice (8): Undefined variable: menu_categorias in [D:\xampp\htdocs\skechers\ecomm\views\layouts\default.ctp, line 39]
2020-08-05 23:52:53 Debug: Notice (8): Undefined variable: menu_categorias in [D:\xampp\htdocs\skechers\ecomm\views\layouts\default.ctp, line 39]
2020-08-05 23:52:53 Debug: Notice (8): Undefined variable: menu_categorias in [D:\xampp\htdocs\skechers\ecomm\views\layouts\default.ctp, line 39]
2020-08-05 23:52:54 Debug: Notice (8): Undefined variable: menu_categorias in [D:\xampp\htdocs\skechers\ecomm\views\layouts\default.ctp, line 39]
2020-08-05 23:52:54 Debug: Notice (8): Undefined variable: menu_categorias in [D:\xampp\htdocs\skechers\ecomm\views\layouts\default.ctp, line 39]
2020-08-05 23:52:54 Debug: Notice (8): Undefined variable: menu_categorias in [D:\xampp\htdocs\skechers\ecomm\views\layouts\default.ctp, line 39]
2020-08-05 23:52:55 Debug: Notice (8): Undefined variable: menu_categorias in [D:\xampp\htdocs\skechers\ecomm\views\layouts\default.ctp, line 39]
2020-08-05 23:52:55 Debug: Notice (8): Undefined variable: menu_categorias in [D:\xampp\htdocs\skechers\ecomm\views\layouts\default.ctp, line 39]
2020-08-05 23:52:55 Debug: Notice (8): Undefined variable: menu_categorias in [D:\xampp\htdocs\skechers\ecomm\views\layouts\default.ctp, line 39]
2020-08-05 23:52:56 Debug: Notice (8): Undefined variable: menu_categorias in [D:\xampp\htdocs\skechers\ecomm\views\layouts\default.ctp, line 39]
2020-08-05 23:52:56 Debug: Notice (8): Undefined variable: menu_categorias in [D:\xampp\htdocs\skechers\ecomm\views\layouts\default.ctp, line 39]
2020-08-05 23:52:56 Debug: Notice (8): Undefined variable: menu_categorias in [D:\xampp\htdocs\skechers\ecomm\views\layouts\default.ctp, line 39]
2020-08-05 23:52:57 Debug: Notice (8): Undefined variable: menu_categorias in [D:\xampp\htdocs\skechers\ecomm\views\layouts\default.ctp, line 39]
2020-08-05 23:52:57 Debug: Notice (8): Undefined variable: menu_categorias in [D:\xampp\htdocs\skechers\ecomm\views\layouts\default.ctp, line 39]
2020-08-05 23:52:57 Debug: Notice (8): Undefined variable: menu_categorias in [D:\xampp\htdocs\skechers\ecomm\views\layouts\default.ctp, line 39]
2020-08-05 23:52:58 Debug: Notice (8): Undefined variable: menu_categorias in [D:\xampp\htdocs\skechers\ecomm\views\layouts\default.ctp, line 39]
2020-08-05 23:52:58 Debug: Notice (8): Undefined variable: menu_categorias in [D:\xampp\htdocs\skechers\ecomm\views\layouts\default.ctp, line 39]
2020-08-05 23:52:58 Debug: Notice (8): Undefined variable: menu_categorias in [D:\xampp\htdocs\skechers\ecomm\views\layouts\default.ctp, line 39]
2020-08-05 23:52:59 Debug: Notice (8): Undefined variable: menu_categorias in [D:\xampp\htdocs\skechers\ecomm\views\layouts\default.ctp, line 39]
2020-08-05 23:52:59 Debug: Notice (8): Undefined variable: menu_categorias in [D:\xampp\htdocs\skechers\ecomm\views\layouts\default.ctp, line 39]
2020-08-05 23:52:59 Debug: Notice (8): Undefined variable: menu_categorias in [D:\xampp\htdocs\skechers\ecomm\views\layouts\default.ctp, line 39]
2020-08-05 23:53:00 Debug: Notice (8): Undefined variable: menu_categorias in [D:\xampp\htdocs\skechers\ecomm\views\layouts\default.ctp, line 39]
2020-08-06 00:04:16 Debug: Notice (8): Undefined variable: menu_categorias in [D:\xampp\htdocs\skechers\ecomm\views\layouts\default.ctp, line 39]
2020-08-06 00:04:17 Debug: Notice (8): Undefined variable: menu_categorias in [D:\xampp\htdocs\skechers\ecomm\views\layouts\default.ctp, line 39]
2020-08-06 00:04:17 Debug: Notice (8): Undefined variable: menu_categorias in [D:\xampp\htdocs\skechers\ecomm\views\layouts\default.ctp, line 39]
2020-08-06 00:04:18 Debug: Notice (8): Undefined variable: menu_categorias in [D:\xampp\htdocs\skechers\ecomm\views\layouts\default.ctp, line 39]
2020-08-06 00:04:20 Debug: Notice (8): Undefined variable: menu_categorias in [D:\xampp\htdocs\skechers\ecomm\views\layouts\default.ctp, line 39]
2020-08-06 00:04:20 Debug: Notice (8): Undefined variable: menu_categorias in [D:\xampp\htdocs\skechers\ecomm\views\layouts\default.ctp, line 39]
2020-08-06 00:04:20 Debug: Notice (8): Undefined variable: menu_categorias in [D:\xampp\htdocs\skechers\ecomm\views\layouts\default.ctp, line 39]
2020-08-06 00:04:21 Debug: Notice (8): Undefined variable: menu_categorias in [D:\xampp\htdocs\skechers\ecomm\views\layouts\default.ctp, line 39]
2020-08-06 00:04:21 Debug: Notice (8): Undefined variable: menu_categorias in [D:\xampp\htdocs\skechers\ecomm\views\layouts\default.ctp, line 39]
2020-08-06 00:04:21 Debug: Notice (8): Undefined variable: menu_categorias in [D:\xampp\htdocs\skechers\ecomm\views\layouts\default.ctp, line 39]
2020-08-06 00:04:21 Debug: Notice (8): Undefined variable: menu_categorias in [D:\xampp\htdocs\skechers\ecomm\views\layouts\default.ctp, line 39]
2020-08-06 00:04:22 Debug: Notice (8): Undefined variable: menu_categorias in [D:\xampp\htdocs\skechers\ecomm\views\layouts\default.ctp, line 39]
2020-08-06 00:04:22 Debug: Notice (8): Undefined variable: menu_categorias in [D:\xampp\htdocs\skechers\ecomm\views\layouts\default.ctp, line 39]
2020-08-06 00:04:22 Debug: Notice (8): Undefined variable: menu_categorias in [D:\xampp\htdocs\skechers\ecomm\views\layouts\default.ctp, line 39]
2020-08-06 00:04:23 Debug: Notice (8): Undefined variable: menu_categorias in [D:\xampp\htdocs\skechers\ecomm\views\layouts\default.ctp, line 39]
2020-08-06 00:04:23 Debug: Notice (8): Undefined variable: menu_categorias in [D:\xampp\htdocs\skechers\ecomm\views\layouts\default.ctp, line 39]
2020-08-06 00:04:23 Debug: Notice (8): Undefined variable: menu_categorias in [D:\xampp\htdocs\skechers\ecomm\views\layouts\default.ctp, line 39]
2020-08-06 00:04:24 Debug: Notice (8): Undefined variable: menu_categorias in [D:\xampp\htdocs\skechers\ecomm\views\layouts\default.ctp, line 39]
2020-08-06 00:04:24 Debug: Notice (8): Undefined variable: menu_categorias in [D:\xampp\htdocs\skechers\ecomm\views\layouts\default.ctp, line 39]
2020-08-06 00:04:24 Debug: Notice (8): Undefined variable: menu_categorias in [D:\xampp\htdocs\skechers\ecomm\views\layouts\default.ctp, line 39]
2020-08-06 00:04:24 Debug: Notice (8): Undefined variable: menu_categorias in [D:\xampp\htdocs\skechers\ecomm\views\layouts\default.ctp, line 39]
2020-08-06 00:04:25 Debug: Notice (8): Undefined variable: menu_categorias in [D:\xampp\htdocs\skechers\ecomm\views\layouts\default.ctp, line 39]
2020-08-06 00:04:25 Debug: Notice (8): Undefined variable: menu_categorias in [D:\xampp\htdocs\skechers\ecomm\views\layouts\default.ctp, line 39]
2020-08-06 00:04:25 Debug: Notice (8): Undefined variable: menu_categorias in [D:\xampp\htdocs\skechers\ecomm\views\layouts\default.ctp, line 39]
2020-08-06 00:04:26 Debug: Notice (8): Undefined variable: menu_categorias in [D:\xampp\htdocs\skechers\ecomm\views\layouts\default.ctp, line 39]
2020-08-06 00:04:26 Debug: Notice (8): Undefined variable: menu_categorias in [D:\xampp\htdocs\skechers\ecomm\views\layouts\default.ctp, line 39]
2020-08-06 00:04:26 Debug: Notice (8): Undefined variable: menu_categorias in [D:\xampp\htdocs\skechers\ecomm\views\layouts\default.ctp, line 39]
2020-08-06 00:04:27 Debug: Notice (8): Undefined variable: menu_categorias in [D:\xampp\htdocs\skechers\ecomm\views\layouts\default.ctp, line 39]
2020-08-06 00:04:27 Debug: Notice (8): Undefined variable: menu_categorias in [D:\xampp\htdocs\skechers\ecomm\views\layouts\default.ctp, line 39]
2020-08-06 00:04:27 Debug: Notice (8): Undefined variable: menu_categorias in [D:\xampp\htdocs\skechers\ecomm\views\layouts\default.ctp, line 39]
2020-08-06 00:04:28 Debug: Notice (8): Undefined variable: menu_categorias in [D:\xampp\htdocs\skechers\ecomm\views\layouts\default.ctp, line 39]
2020-08-06 00:04:28 Debug: Notice (8): Undefined variable: menu_categorias in [D:\xampp\htdocs\skechers\ecomm\views\layouts\default.ctp, line 39]
2020-08-06 00:04:28 Debug: Notice (8): Undefined variable: menu_categorias in [D:\xampp\htdocs\skechers\ecomm\views\layouts\default.ctp, line 39]
2020-08-06 00:04:28 Debug: Notice (8): Undefined variable: menu_categorias in [D:\xampp\htdocs\skechers\ecomm\views\layouts\default.ctp, line 39]
2020-08-06 00:04:29 Debug: Notice (8): Undefined variable: menu_categorias in [D:\xampp\htdocs\skechers\ecomm\views\layouts\default.ctp, line 39]
2020-08-06 00:04:29 Debug: Notice (8): Undefined variable: menu_categorias in [D:\xampp\htdocs\skechers\ecomm\views\layouts\default.ctp, line 39]
2020-08-06 00:04:29 Debug: Notice (8): Undefined variable: menu_categorias in [D:\xampp\htdocs\skechers\ecomm\views\layouts\default.ctp, line 39]
2020-08-06 00:04:30 Debug: Notice (8): Undefined variable: menu_categorias in [D:\xampp\htdocs\skechers\ecomm\views\layouts\default.ctp, line 39]
2020-08-06 00:04:30 Debug: Notice (8): Undefined variable: menu_categorias in [D:\xampp\htdocs\skechers\ecomm\views\layouts\default.ctp, line 39]
2020-08-06 00:04:30 Debug: Notice (8): Undefined variable: menu_categorias in [D:\xampp\htdocs\skechers\ecomm\views\layouts\default.ctp, line 39]
2020-08-06 00:04:31 Debug: Notice (8): Undefined variable: menu_categorias in [D:\xampp\htdocs\skechers\ecomm\views\layouts\default.ctp, line 39]
2020-08-06 00:04:31 Debug: Notice (8): Undefined variable: menu_categorias in [D:\xampp\htdocs\skechers\ecomm\views\layouts\default.ctp, line 39]
2020-08-06 00:04:31 Debug: Notice (8): Undefined variable: menu_categorias in [D:\xampp\htdocs\skechers\ecomm\views\layouts\default.ctp, line 39]
2020-08-06 00:04:32 Debug: Notice (8): Undefined variable: menu_categorias in [D:\xampp\htdocs\skechers\ecomm\views\layouts\default.ctp, line 39]
2020-08-06 00:04:32 Debug: Notice (8): Undefined variable: menu_categorias in [D:\xampp\htdocs\skechers\ecomm\views\layouts\default.ctp, line 39]
2020-08-06 00:04:32 Debug: Notice (8): Undefined variable: menu_categorias in [D:\xampp\htdocs\skechers\ecomm\views\layouts\default.ctp, line 39]
2020-08-06 00:04:33 Debug: Notice (8): Undefined variable: menu_categorias in [D:\xampp\htdocs\skechers\ecomm\views\layouts\default.ctp, line 39]
2020-08-06 01:03:48 Debug: Notice (8): Undefined variable: menu_categorias in [D:\xampp\htdocs\skechers\ecomm\views\layouts\default.ctp, line 39]
2020-08-06 15:50:42 Debug: Notice (8): Undefined variable: menu_categorias in [D:\xampp\htdocs\skechers\ecomm\views\layouts\default.ctp, line 39]
2020-08-06 15:53:56 Debug: Notice (8): Undefined index: payload in [D:\xampp\htdocs\skechers\ecomm\controllers\productos_controller.php, line 55]
2020-08-06 15:59:56 Debug: Notice (8): Use of undefined constant created - assumed 'created' in [D:\xampp\htdocs\skechers\ecomm\controllers\productos_controller.php, line 56]
2020-08-06 17:38:35 Debug: Notice (8): Undefined variable: orden in [D:\xampp\htdocs\skechers\ecomm\controllers\productos_controller.php, line 91]
2020-08-06 17:38:35 Debug: Notice (8): Undefined variable: menu_categorias in [D:\xampp\htdocs\skechers\ecomm\views\layouts\default.ctp, line 39]
2020-08-06 17:40:23 Debug: Notice (8): Undefined variable: compra in [D:\xampp\htdocs\skechers\ecomm\controllers\productos_controller.php, line 91]
2020-08-06 17:40:23 Debug: Notice (8): Undefined variable: menu_categorias in [D:\xampp\htdocs\skechers\ecomm\views\layouts\default.ctp, line 39]
2020-08-06 17:41:10 Debug: Notice (8): Undefined variable: compra in [D:\xampp\htdocs\skechers\ecomm\controllers\productos_controller.php, line 91]
2020-08-06 17:41:10 Debug: Notice (8): Undefined variable: menu_categorias in [D:\xampp\htdocs\skechers\ecomm\views\layouts\default.ctp, line 39]
2020-08-06 17:45:37 Debug: Notice (8): Undefined property: ProductosController::$Pago in [D:\xampp\htdocs\skechers\ecomm\controllers\productos_controller.php, line 91]
2020-08-06 17:45:37 Debug: Notice (8): Trying to get property of non-object in [D:\xampp\htdocs\skechers\ecomm\controllers\productos_controller.php, line 91]
2020-08-06 17:45:57 Debug: Notice (8): Undefined property: ProductosController::$Pago in [D:\xampp\htdocs\skechers\ecomm\controllers\productos_controller.php, line 92]
2020-08-06 17:45:57 Debug: Notice (8): Trying to get property of non-object in [D:\xampp\htdocs\skechers\ecomm\controllers\productos_controller.php, line 92]
2020-08-06 17:47:54 Debug: Notice (8): Undefined property: ProductosController::$Pago in [D:\xampp\htdocs\skechers\ecomm\controllers\productos_controller.php, line 92]
2020-08-06 17:47:54 Debug: Notice (8): Trying to get property of non-object in [D:\xampp\htdocs\skechers\ecomm\controllers\productos_controller.php, line 92]
2020-08-06 17:48:23 Debug: Notice (8): Undefined property: ProductosController::$Pago in [D:\xampp\htdocs\skechers\ecomm\controllers\productos_controller.php, line 92]
2020-08-06 17:48:23 Debug: Notice (8): Trying to get property of non-object in [D:\xampp\htdocs\skechers\ecomm\controllers\productos_controller.php, line 92]
2020-08-06 17:52:46 Debug: Notice (8): Undefined variable: compra in [D:\xampp\htdocs\skechers\ecomm\controllers\productos_controller.php, line 94]
2020-08-06 17:52:46 Debug: Notice (8): Undefined variable: menu_categorias in [D:\xampp\htdocs\skechers\ecomm\views\layouts\default.ctp, line 39]
2020-08-06 17:53:03 Debug: Notice (8): Undefined variable: pago in [D:\xampp\htdocs\skechers\ecomm\controllers\productos_controller.php, line 92]
2020-08-06 17:53:12 Debug: Notice (8): Undefined variable: menu_categorias in [D:\xampp\htdocs\skechers\ecomm\views\layouts\default.ctp, line 39]
2020-08-06 17:53:28 Debug: Notice (8): Undefined variable: menu_categorias in [D:\xampp\htdocs\skechers\ecomm\views\layouts\default.ctp, line 39]
2020-08-06 17:54:52 Debug: Notice (8): Undefined variable: menu_categorias in [D:\xampp\htdocs\skechers\ecomm\views\layouts\default.ctp, line 39]
2020-08-06 19:17:09 Debug: Notice (8): Undefined index: Pago in [D:\xampp\htdocs\skechers\ecomm\controllers\productos_controller.php, line 101]
2020-08-06 19:17:09 Debug: Notice (8): Undefined variable: menu_categorias in [D:\xampp\htdocs\skechers\ecomm\views\layouts\default.ctp, line 39]
2020-08-06 19:20:33 Debug: Notice (8): Undefined variable: menu_categorias in [D:\xampp\htdocs\skechers\ecomm\views\layouts\default.ctp, line 39]
2020-08-06 19:24:24 Debug: Notice (8): Undefined variable: menu_categorias in [D:\xampp\htdocs\skechers\ecomm\views\layouts\default.ctp, line 39]
2020-08-10 12:32:00 Debug: Notice (8): Undefined variable: menu_categorias in [D:\xampp\htdocs\skechers\ecomm\views\layouts\default.ctp, line 39]
2020-08-10 12:32:02 Debug: Notice (8): Undefined variable: menu_categorias in [D:\xampp\htdocs\skechers\ecomm\views\layouts\default.ctp, line 39]
2020-08-10 12:32:03 Debug: Notice (8): Undefined variable: menu_categorias in [D:\xampp\htdocs\skechers\ecomm\views\layouts\default.ctp, line 39]
2020-08-10 12:32:06 Debug: Notice (8): Undefined variable: menu_categorias in [D:\xampp\htdocs\skechers\ecomm\views\layouts\default.ctp, line 39]
2020-08-10 12:32:06 Debug: Notice (8): Undefined variable: menu_categorias in [D:\xampp\htdocs\skechers\ecomm\views\layouts\default.ctp, line 39]
2020-08-10 12:32:07 Debug: Notice (8): Undefined variable: menu_categorias in [D:\xampp\htdocs\skechers\ecomm\views\layouts\default.ctp, line 39]
2020-08-10 12:32:08 Debug: Notice (8): Undefined variable: menu_categorias in [D:\xampp\htdocs\skechers\ecomm\views\layouts\default.ctp, line 39]
2020-08-10 12:32:09 Debug: Notice (8): Undefined variable: menu_categorias in [D:\xampp\htdocs\skechers\ecomm\views\layouts\default.ctp, line 39]
2020-08-10 12:32:10 Debug: Notice (8): Undefined variable: menu_categorias in [D:\xampp\htdocs\skechers\ecomm\views\layouts\default.ctp, line 39]
2020-08-10 12:32:11 Debug: Notice (8): Undefined variable: menu_categorias in [D:\xampp\htdocs\skechers\ecomm\views\layouts\default.ctp, line 39]
2020-08-10 12:32:12 Debug: Notice (8): Undefined variable: menu_categorias in [D:\xampp\htdocs\skechers\ecomm\views\layouts\default.ctp, line 39]
2020-08-10 12:32:13 Debug: Notice (8): Undefined variable: menu_categorias in [D:\xampp\htdocs\skechers\ecomm\views\layouts\default.ctp, line 39]
2020-08-10 12:32:13 Debug: Notice (8): Undefined variable: menu_categorias in [D:\xampp\htdocs\skechers\ecomm\views\layouts\default.ctp, line 39]
2020-08-10 12:32:14 Debug: Notice (8): Undefined variable: menu_categorias in [D:\xampp\htdocs\skechers\ecomm\views\layouts\default.ctp, line 39]
2020-08-10 12:32:15 Debug: Notice (8): Undefined variable: menu_categorias in [D:\xampp\htdocs\skechers\ecomm\views\layouts\default.ctp, line 39]
2020-08-10 12:32:16 Debug: Notice (8): Undefined variable: menu_categorias in [D:\xampp\htdocs\skechers\ecomm\views\layouts\default.ctp, line 39]
2020-08-10 12:32:16 Debug: Notice (8): Undefined variable: menu_categorias in [D:\xampp\htdocs\skechers\ecomm\views\layouts\default.ctp, line 39]
2020-08-10 12:32:17 Debug: Notice (8): Undefined variable: menu_categorias in [D:\xampp\htdocs\skechers\ecomm\views\layouts\default.ctp, line 39]
2020-08-10 12:32:17 Debug: Notice (8): Undefined variable: menu_categorias in [D:\xampp\htdocs\skechers\ecomm\views\layouts\default.ctp, line 39]
2020-08-10 12:32:18 Debug: Notice (8): Undefined variable: menu_categorias in [D:\xampp\htdocs\skechers\ecomm\views\layouts\default.ctp, line 39]
2020-08-10 12:32:19 Debug: Notice (8): Undefined variable: menu_categorias in [D:\xampp\htdocs\skechers\ecomm\views\layouts\default.ctp, line 39]
2020-08-10 12:32:19 Debug: Notice (8): Undefined variable: menu_categorias in [D:\xampp\htdocs\skechers\ecomm\views\layouts\default.ctp, line 39]
2020-08-10 12:32:20 Debug: Notice (8): Undefined variable: menu_categorias in [D:\xampp\htdocs\skechers\ecomm\views\layouts\default.ctp, line 39]
2020-08-10 12:32:21 Debug: Notice (8): Undefined variable: menu_categorias in [D:\xampp\htdocs\skechers\ecomm\views\layouts\default.ctp, line 39]
2020-08-10 12:32:21 Debug: Notice (8): Undefined variable: menu_categorias in [D:\xampp\htdocs\skechers\ecomm\views\layouts\default.ctp, line 39]
2020-08-10 12:32:22 Debug: Notice (8): Undefined variable: menu_categorias in [D:\xampp\htdocs\skechers\ecomm\views\layouts\default.ctp, line 39]
2020-08-10 12:32:23 Debug: Notice (8): Undefined variable: menu_categorias in [D:\xampp\htdocs\skechers\ecomm\views\layouts\default.ctp, line 39]
2020-08-10 12:32:23 Debug: Notice (8): Undefined variable: menu_categorias in [D:\xampp\htdocs\skechers\ecomm\views\layouts\default.ctp, line 39]
2020-08-10 12:32:24 Debug: Notice (8): Undefined variable: menu_categorias in [D:\xampp\htdocs\skechers\ecomm\views\layouts\default.ctp, line 39]
2020-08-10 12:32:25 Debug: Notice (8): Undefined variable: menu_categorias in [D:\xampp\htdocs\skechers\ecomm\views\layouts\default.ctp, line 39]
2020-08-10 12:32:25 Debug: Notice (8): Undefined variable: menu_categorias in [D:\xampp\htdocs\skechers\ecomm\views\layouts\default.ctp, line 39]
2020-08-10 12:32:26 Debug: Notice (8): Undefined variable: menu_categorias in [D:\xampp\htdocs\skechers\ecomm\views\layouts\default.ctp, line 39]
2020-08-10 12:32:26 Debug: Notice (8): Undefined variable: menu_categorias in [D:\xampp\htdocs\skechers\ecomm\views\layouts\default.ctp, line 39]
2020-08-10 12:32:27 Debug: Notice (8): Undefined variable: menu_categorias in [D:\xampp\htdocs\skechers\ecomm\views\layouts\default.ctp, line 39]
2020-08-10 12:32:27 Debug: Notice (8): Undefined variable: menu_categorias in [D:\xampp\htdocs\skechers\ecomm\views\layouts\default.ctp, line 39]
2020-08-10 12:32:28 Debug: Notice (8): Undefined variable: menu_categorias in [D:\xampp\htdocs\skechers\ecomm\views\layouts\default.ctp, line 39]
2020-08-10 12:32:29 Debug: Notice (8): Undefined variable: menu_categorias in [D:\xampp\htdocs\skechers\ecomm\views\layouts\default.ctp, line 39]
2020-08-10 12:32:29 Debug: Notice (8): Undefined variable: menu_categorias in [D:\xampp\htdocs\skechers\ecomm\views\layouts\default.ctp, line 39]
2020-08-10 12:32:30 Debug: Notice (8): Undefined variable: menu_categorias in [D:\xampp\htdocs\skechers\ecomm\views\layouts\default.ctp, line 39]
2020-08-10 12:32:31 Debug: Notice (8): Undefined variable: menu_categorias in [D:\xampp\htdocs\skechers\ecomm\views\layouts\default.ctp, line 39]
2020-08-11 12:06:46 Debug: Notice (8): Undefined index: Producto in [D:\xampp\htdocs\skechers\ecomm\controllers\productos_controller.php, line 353]
2020-08-11 12:06:46 Debug: Notice (8): Undefined index: Producto in [D:\xampp\htdocs\skechers\ecomm\controllers\productos_controller.php, line 356]
2020-08-11 12:06:46 Debug: Notice (8): Undefined index: Producto in [D:\xampp\htdocs\skechers\ecomm\views\productos\felicidades.ctp, line 154]
2020-08-11 12:06:46 Debug: Notice (8): Undefined index: Stock in [D:\xampp\htdocs\skechers\ecomm\views\productos\felicidades.ctp, line 155]
2020-08-11 12:06:46 Debug: Notice (8): Undefined index: Producto in [D:\xampp\htdocs\skechers\ecomm\views\productos\felicidades.ctp, line 162]
2020-08-11 12:06:46 Debug: Notice (8): Undefined index: Stock in [D:\xampp\htdocs\skechers\ecomm\views\productos\felicidades.ctp, line 165]
2020-08-11 12:06:46 Debug: Notice (8): Undefined index: Producto in [D:\xampp\htdocs\skechers\ecomm\views\productos\felicidades.ctp, line 168]
2020-08-11 12:06:46 Debug: Notice (8): Undefined index: Producto in [D:\xampp\htdocs\skechers\ecomm\views\productos\felicidades.ctp, line 175]
2020-08-11 12:06:46 Debug: Notice (8): Undefined index: Producto in [D:\xampp\htdocs\skechers\ecomm\views\productos\felicidades.ctp, line 178]
2020-08-11 12:06:46 Debug: Notice (8): Undefined index: Producto in [D:\xampp\htdocs\skechers\ecomm\views\productos\felicidades.ctp, line 250]
2020-08-11 12:06:46 Debug: Notice (8): Undefined index: Producto in [D:\xampp\htdocs\skechers\ecomm\views\productos\felicidades.ctp, line 254]
2020-08-11 12:06:46 Debug: Notice (8): Undefined index: Producto in [D:\xampp\htdocs\skechers\ecomm\views\productos\felicidades.ctp, line 258]
2020-08-11 12:06:46 Debug: Notice (8): Undefined index: Producto in [D:\xampp\htdocs\skechers\ecomm\views\productos\felicidades.ctp, line 261]
2020-08-11 12:06:47 Debug: Notice (8): Undefined index: Stock in [D:\xampp\htdocs\skechers\ecomm\views\productos\felicidades.ctp, line 265]
2020-08-11 12:06:47 Debug: Notice (8): Undefined index: Producto in [D:\xampp\htdocs\skechers\ecomm\views\productos\felicidades.ctp, line 274]
2020-08-11 12:06:47 Debug: Notice (8): Undefined index: Producto in [D:\xampp\htdocs\skechers\ecomm\views\productos\felicidades.ctp, line 286]
2020-08-11 12:06:47 Debug: Notice (8): Undefined index: Producto in [D:\xampp\htdocs\skechers\ecomm\views\productos\felicidades.ctp, line 373]
2020-08-11 12:06:47 Debug: Notice (8): Undefined index: Producto in [D:\xampp\htdocs\skechers\ecomm\views\productos\felicidades.ctp, line 374]
2020-08-11 12:06:47 Debug: Notice (8): Undefined index: Producto in [D:\xampp\htdocs\skechers\ecomm\views\productos\felicidades.ctp, line 375]
2020-08-11 12:06:47 Debug: Notice (8): Undefined index: Producto in [D:\xampp\htdocs\skechers\ecomm\views\productos\felicidades.ctp, line 377]
2020-08-11 12:06:47 Debug: Notice (8): Undefined index: Producto in [D:\xampp\htdocs\skechers\ecomm\views\productos\felicidades.ctp, line 378]
2020-08-11 12:06:47 Debug: Notice (8): Undefined index: Producto in [D:\xampp\htdocs\skechers\ecomm\views\productos\felicidades.ctp, line 381]
2020-08-11 13:58:20 Debug: Notice (8): Undefined index: Respuesta in [D:\xampp\htdocs\skechers\ecomm\controllers\productos_controller.php, line 168]
2020-08-19 00:14:20 Debug: Notice (8): Undefined variable: menu_categorias in [D:\xampp\htdocs\skechers\ecomm\views\layouts\default.ctp, line 39]
2020-08-19 00:14:21 Debug: Notice (8): Undefined variable: menu_categorias in [D:\xampp\htdocs\skechers\ecomm\views\layouts\default.ctp, line 39]
2020-08-19 00:14:21 Debug: Notice (8): Undefined variable: menu_categorias in [D:\xampp\htdocs\skechers\ecomm\views\layouts\default.ctp, line 39]
2020-08-19 00:14:22 Debug: Notice (8): Undefined variable: menu_categorias in [D:\xampp\htdocs\skechers\ecomm\views\layouts\default.ctp, line 39]
2020-08-19 00:14:22 Debug: Notice (8): Undefined variable: menu_categorias in [D:\xampp\htdocs\skechers\ecomm\views\layouts\default.ctp, line 39]
2020-08-19 00:14:22 Debug: Notice (8): Undefined variable: menu_categorias in [D:\xampp\htdocs\skechers\ecomm\views\layouts\default.ctp, line 39]
2020-08-19 00:14:23 Debug: Notice (8): Undefined variable: menu_categorias in [D:\xampp\htdocs\skechers\ecomm\views\layouts\default.ctp, line 39]
2020-08-19 00:14:24 Debug: Notice (8): Undefined variable: menu_categorias in [D:\xampp\htdocs\skechers\ecomm\views\layouts\default.ctp, line 39]
2020-08-19 00:14:24 Debug: Notice (8): Undefined variable: menu_categorias in [D:\xampp\htdocs\skechers\ecomm\views\layouts\default.ctp, line 39]
2020-08-19 00:14:24 Debug: Notice (8): Undefined variable: menu_categorias in [D:\xampp\htdocs\skechers\ecomm\views\layouts\default.ctp, line 39]
2020-08-19 00:14:25 Debug: Notice (8): Undefined variable: menu_categorias in [D:\xampp\htdocs\skechers\ecomm\views\layouts\default.ctp, line 39]
2020-08-19 00:14:25 Debug: Notice (8): Undefined variable: menu_categorias in [D:\xampp\htdocs\skechers\ecomm\views\layouts\default.ctp, line 39]
2020-08-19 00:14:26 Debug: Notice (8): Undefined variable: menu_categorias in [D:\xampp\htdocs\skechers\ecomm\views\layouts\default.ctp, line 39]
2020-08-19 00:14:26 Debug: Notice (8): Undefined variable: menu_categorias in [D:\xampp\htdocs\skechers\ecomm\views\layouts\default.ctp, line 39]
2020-08-19 00:14:27 Debug: Notice (8): Undefined variable: menu_categorias in [D:\xampp\htdocs\skechers\ecomm\views\layouts\default.ctp, line 39]
2020-08-19 00:14:27 Debug: Notice (8): Undefined variable: menu_categorias in [D:\xampp\htdocs\skechers\ecomm\views\layouts\default.ctp, line 39]
2020-08-19 00:14:27 Debug: Notice (8): Undefined variable: menu_categorias in [D:\xampp\htdocs\skechers\ecomm\views\layouts\default.ctp, line 39]
2020-08-19 00:14:28 Debug: Notice (8): Undefined variable: menu_categorias in [D:\xampp\htdocs\skechers\ecomm\views\layouts\default.ctp, line 39]
2020-08-19 00:14:28 Debug: Notice (8): Undefined variable: menu_categorias in [D:\xampp\htdocs\skechers\ecomm\views\layouts\default.ctp, line 39]
2020-08-19 00:14:28 Debug: Notice (8): Undefined variable: menu_categorias in [D:\xampp\htdocs\skechers\ecomm\views\layouts\default.ctp, line 39]
2020-08-19 00:14:29 Debug: Notice (8): Undefined variable: menu_categorias in [D:\xampp\htdocs\skechers\ecomm\views\layouts\default.ctp, line 39]
2020-08-19 00:14:29 Debug: Notice (8): Undefined variable: menu_categorias in [D:\xampp\htdocs\skechers\ecomm\views\layouts\default.ctp, line 39]
2020-08-19 00:14:30 Debug: Notice (8): Undefined variable: menu_categorias in [D:\xampp\htdocs\skechers\ecomm\views\layouts\default.ctp, line 39]
2020-08-19 00:14:30 Debug: Notice (8): Undefined variable: menu_categorias in [D:\xampp\htdocs\skechers\ecomm\views\layouts\default.ctp, line 39]
2020-08-19 00:14:30 Debug: Notice (8): Undefined variable: menu_categorias in [D:\xampp\htdocs\skechers\ecomm\views\layouts\default.ctp, line 39]
2020-08-19 00:14:31 Debug: Notice (8): Undefined variable: menu_categorias in [D:\xampp\htdocs\skechers\ecomm\views\layouts\default.ctp, line 39]
2020-08-19 00:14:31 Debug: Notice (8): Undefined variable: menu_categorias in [D:\xampp\htdocs\skechers\ecomm\views\layouts\default.ctp, line 39]
2020-08-19 00:14:32 Debug: Notice (8): Undefined variable: menu_categorias in [D:\xampp\htdocs\skechers\ecomm\views\layouts\default.ctp, line 39]
2020-08-19 00:14:32 Debug: Notice (8): Undefined variable: menu_categorias in [D:\xampp\htdocs\skechers\ecomm\views\layouts\default.ctp, line 39]
2020-08-19 00:14:33 Debug: Notice (8): Undefined variable: menu_categorias in [D:\xampp\htdocs\skechers\ecomm\views\layouts\default.ctp, line 39]
2020-08-19 00:14:33 Debug: Notice (8): Undefined variable: menu_categorias in [D:\xampp\htdocs\skechers\ecomm\views\layouts\default.ctp, line 39]
2020-08-19 00:14:33 Debug: Notice (8): Undefined variable: menu_categorias in [D:\xampp\htdocs\skechers\ecomm\views\layouts\default.ctp, line 39]
2020-08-19 00:14:34 Debug: Notice (8): Undefined variable: menu_categorias in [D:\xampp\htdocs\skechers\ecomm\views\layouts\default.ctp, line 39]
2020-08-19 00:14:34 Debug: Notice (8): Undefined variable: menu_categorias in [D:\xampp\htdocs\skechers\ecomm\views\layouts\default.ctp, line 39]
2020-08-19 00:14:35 Debug: Notice (8): Undefined variable: menu_categorias in [D:\xampp\htdocs\skechers\ecomm\views\layouts\default.ctp, line 39]
2020-08-19 00:14:35 Debug: Notice (8): Undefined variable: menu_categorias in [D:\xampp\htdocs\skechers\ecomm\views\layouts\default.ctp, line 39]
2020-08-19 00:14:35 Debug: Notice (8): Undefined variable: menu_categorias in [D:\xampp\htdocs\skechers\ecomm\views\layouts\default.ctp, line 39]
2020-08-19 00:14:36 Debug: Notice (8): Undefined variable: menu_categorias in [D:\xampp\htdocs\skechers\ecomm\views\layouts\default.ctp, line 39]
2020-08-19 00:14:36 Debug: Notice (8): Undefined variable: menu_categorias in [D:\xampp\htdocs\skechers\ecomm\views\layouts\default.ctp, line 39]
2020-08-19 00:14:37 Debug: Notice (8): Undefined variable: menu_categorias in [D:\xampp\htdocs\skechers\ecomm\views\layouts\default.ctp, line 39]
2020-08-19 00:14:37 Debug: Notice (8): Undefined variable: menu_categorias in [D:\xampp\htdocs\skechers\ecomm\views\layouts\default.ctp, line 39]
2020-08-19 00:14:37 Debug: Notice (8): Undefined variable: menu_categorias in [D:\xampp\htdocs\skechers\ecomm\views\layouts\default.ctp, line 39]
2020-08-19 00:14:38 Debug: Notice (8): Undefined variable: menu_categorias in [D:\xampp\htdocs\skechers\ecomm\views\layouts\default.ctp, line 39]
2020-08-19 00:14:38 Debug: Notice (8): Undefined variable: menu_categorias in [D:\xampp\htdocs\skechers\ecomm\views\layouts\default.ctp, line 39]
2020-08-19 00:14:39 Debug: Notice (8): Undefined variable: menu_categorias in [D:\xampp\htdocs\skechers\ecomm\views\layouts\default.ctp, line 39]
2020-08-19 00:14:39 Debug: Notice (8): Undefined variable: menu_categorias in [D:\xampp\htdocs\skechers\ecomm\views\layouts\default.ctp, line 39]
2020-08-19 00:14:39 Debug: Notice (8): Undefined variable: menu_categorias in [D:\xampp\htdocs\skechers\ecomm\views\layouts\default.ctp, line 39]
2020-08-19 00:14:40 Debug: Notice (8): Undefined variable: menu_categorias in [D:\xampp\htdocs\skechers\ecomm\views\layouts\default.ctp, line 39]
2020-08-19 00:14:40 Debug: Notice (8): Undefined variable: menu_categorias in [D:\xampp\htdocs\skechers\ecomm\views\layouts\default.ctp, line 39]
2020-08-24 00:21:45 Debug: Notice (8): Undefined variable: menu_categorias in [D:\xampp\htdocs\skechers\ecomm\views\layouts\default.ctp, line 39]
2020-08-24 00:21:46 Debug: Notice (8): Undefined variable: menu_categorias in [D:\xampp\htdocs\skechers\ecomm\views\layouts\default.ctp, line 39]
2020-08-24 00:21:47 Debug: Notice (8): Undefined variable: menu_categorias in [D:\xampp\htdocs\skechers\ecomm\views\layouts\default.ctp, line 39]
2020-08-24 00:21:48 Debug: Notice (8): Undefined variable: menu_categorias in [D:\xampp\htdocs\skechers\ecomm\views\layouts\default.ctp, line 39]
2020-08-24 00:21:48 Debug: Notice (8): Undefined variable: menu_categorias in [D:\xampp\htdocs\skechers\ecomm\views\layouts\default.ctp, line 39]
2020-08-24 00:21:49 Debug: Notice (8): Undefined variable: menu_categorias in [D:\xampp\htdocs\skechers\ecomm\views\layouts\default.ctp, line 39]
2020-08-24 00:21:49 Debug: Notice (8): Undefined variable: menu_categorias in [D:\xampp\htdocs\skechers\ecomm\views\layouts\default.ctp, line 39]
2020-08-24 00:21:50 Debug: Notice (8): Undefined variable: menu_categorias in [D:\xampp\htdocs\skechers\ecomm\views\layouts\default.ctp, line 39]
2020-08-24 00:21:50 Debug: Notice (8): Undefined variable: menu_categorias in [D:\xampp\htdocs\skechers\ecomm\views\layouts\default.ctp, line 39]
2020-08-24 00:21:51 Debug: Notice (8): Undefined variable: menu_categorias in [D:\xampp\htdocs\skechers\ecomm\views\layouts\default.ctp, line 39]
2020-08-24 00:21:51 Debug: Notice (8): Undefined variable: menu_categorias in [D:\xampp\htdocs\skechers\ecomm\views\layouts\default.ctp, line 39]
2020-08-24 00:21:51 Debug: Notice (8): Undefined variable: menu_categorias in [D:\xampp\htdocs\skechers\ecomm\views\layouts\default.ctp, line 39]
2020-08-24 00:21:52 Debug: Notice (8): Undefined variable: menu_categorias in [D:\xampp\htdocs\skechers\ecomm\views\layouts\default.ctp, line 39]
2020-08-24 00:21:52 Debug: Notice (8): Undefined variable: menu_categorias in [D:\xampp\htdocs\skechers\ecomm\views\layouts\default.ctp, line 39]
2020-08-24 00:21:53 Debug: Notice (8): Undefined variable: menu_categorias in [D:\xampp\htdocs\skechers\ecomm\views\layouts\default.ctp, line 39]
2020-08-24 00:21:53 Debug: Notice (8): Undefined variable: menu_categorias in [D:\xampp\htdocs\skechers\ecomm\views\layouts\default.ctp, line 39]
2020-08-24 00:21:54 Debug: Notice (8): Undefined variable: menu_categorias in [D:\xampp\htdocs\skechers\ecomm\views\layouts\default.ctp, line 39]
2020-08-24 00:21:54 Debug: Notice (8): Undefined variable: menu_categorias in [D:\xampp\htdocs\skechers\ecomm\views\layouts\default.ctp, line 39]
2020-08-24 00:21:54 Debug: Notice (8): Undefined variable: menu_categorias in [D:\xampp\htdocs\skechers\ecomm\views\layouts\default.ctp, line 39]
2020-08-24 00:21:55 Debug: Notice (8): Undefined variable: menu_categorias in [D:\xampp\htdocs\skechers\ecomm\views\layouts\default.ctp, line 39]
2020-08-24 00:21:55 Debug: Notice (8): Undefined variable: menu_categorias in [D:\xampp\htdocs\skechers\ecomm\views\layouts\default.ctp, line 39]
2020-08-24 00:21:56 Debug: Notice (8): Undefined variable: menu_categorias in [D:\xampp\htdocs\skechers\ecomm\views\layouts\default.ctp, line 39]
2020-08-24 00:21:56 Debug: Notice (8): Undefined variable: menu_categorias in [D:\xampp\htdocs\skechers\ecomm\views\layouts\default.ctp, line 39]
2020-08-24 00:52:34 Debug: Notice (8): Undefined variable: carrito in [D:\xampp\htdocs\skechers\ecomm\controllers\productos_controller.php, line 299]
2020-08-24 00:53:32 Debug: Notice (8): Undefined variable: carrito in [D:\xampp\htdocs\skechers\ecomm\controllers\productos_controller.php, line 299]
